28-Dec-2018 17:21:26.435 INFO [main] org.apache.catalina.startup.VersionLoggerListener.log Server version name:   Apache Tomcat/9.0.14
28-Dec-2018 17:21:26.479 INFO [main] org.apache.catalina.startup.VersionLoggerListener.log Server built:          Dec 6 2018 21:13:53 UTC
28-Dec-2018 17:21:26.479 INFO [main] org.apache.catalina.startup.VersionLoggerListener.log Server version number: 9.0.14.0
28-Dec-2018 17:21:26.479 INFO [main] org.apache.catalina.startup.VersionLoggerListener.log OS Name:               Mac OS X
28-Dec-2018 17:21:26.479 INFO [main] org.apache.catalina.startup.VersionLoggerListener.log OS Version:            10.12.6
28-Dec-2018 17:21:26.479 INFO [main] org.apache.catalina.startup.VersionLoggerListener.log Architecture:          x86_64
28-Dec-2018 17:21:26.479 INFO [main] org.apache.catalina.startup.VersionLoggerListener.log Java Home:             /Library/Java/JavaVirtualMachines/jdk1.8.0_152.jdk/Contents/Home/jre
28-Dec-2018 17:21:26.479 INFO [main] org.apache.catalina.startup.VersionLoggerListener.log JVM Version:           1.8.0_152-b16
28-Dec-2018 17:21:26.479 INFO [main] org.apache.catalina.startup.VersionLoggerListener.log JVM Vendor:            Oracle Corporation
28-Dec-2018 17:21:26.480 INFO [main] org.apache.catalina.startup.VersionLoggerListener.log CATALINA_BASE:         /Users/vaibhavdu/custom visual/apache-tomcat-9.0.14
28-Dec-2018 17:21:26.480 INFO [main] org.apache.catalina.startup.VersionLoggerListener.log CATALINA_HOME:         /Users/vaibhavdu/custom visual/apache-tomcat-9.0.14
28-Dec-2018 17:21:26.480 INFO [main] org.apache.catalina.startup.VersionLoggerListener.log Command line argument: -Djava.util.logging.config.file=/Users/vaibhavdu/custom visual/apache-tomcat-9.0.14/conf/logging.properties
28-Dec-2018 17:21:26.481 INFO [main] org.apache.catalina.startup.VersionLoggerListener.log Command line argument: -Djava.util.logging.manager=org.apache.juli.ClassLoaderLogManager
28-Dec-2018 17:21:26.481 INFO [main] org.apache.catalina.startup.VersionLoggerListener.log Command line argument: -Djdk.tls.ephemeralDHKeySize=2048
28-Dec-2018 17:21:26.481 INFO [main] org.apache.catalina.startup.VersionLoggerListener.log Command line argument: -Djava.protocol.handler.pkgs=org.apache.catalina.webresources
28-Dec-2018 17:21:26.481 INFO [main] org.apache.catalina.startup.VersionLoggerListener.log Command line argument: -Dorg.apache.catalina.security.SecurityListener.UMASK=0027
28-Dec-2018 17:21:26.481 INFO [main] org.apache.catalina.startup.VersionLoggerListener.log Command line argument: -Dignore.endorsed.dirs=
28-Dec-2018 17:21:26.481 INFO [main] org.apache.catalina.startup.VersionLoggerListener.log Command line argument: -Dcatalina.base=/Users/vaibhavdu/custom visual/apache-tomcat-9.0.14
28-Dec-2018 17:21:26.481 INFO [main] org.apache.catalina.startup.VersionLoggerListener.log Command line argument: -Dcatalina.home=/Users/vaibhavdu/custom visual/apache-tomcat-9.0.14
28-Dec-2018 17:21:26.481 INFO [main] org.apache.catalina.startup.VersionLoggerListener.log Command line argument: -Djava.io.tmpdir=/Users/vaibhavdu/custom visual/apache-tomcat-9.0.14/temp
28-Dec-2018 17:21:26.481 INFO [main] org.apache.catalina.core.AprLifecycleListener.lifecycleEvent The APR based Apache Tomcat Native library which allows optimal performance in production environments was not found on the java.library.path: [/Users/vaibhavdu/Library/Java/Extensions:/Library/Java/Extensions:/Network/Library/Java/Extensions:/System/Library/Java/Extensions:/usr/lib/java:.]
28-Dec-2018 17:21:27.337 INFO [main] org.apache.coyote.AbstractProtocol.init Initializing ProtocolHandler ["http-nio-8080"]
28-Dec-2018 17:21:27.462 INFO [main] org.apache.coyote.AbstractProtocol.init Initializing ProtocolHandler ["ajp-nio-8009"]
28-Dec-2018 17:21:27.465 INFO [main] org.apache.catalina.startup.Catalina.load Server initialization in [2,658] milliseconds
28-Dec-2018 17:21:27.670 INFO [main] org.apache.catalina.core.StandardService.startInternal Starting service [Catalina]
28-Dec-2018 17:21:27.670 INFO [main] org.apache.catalina.core.StandardEngine.startInternal Starting Servlet engine: [Apache Tomcat/9.0.14]
28-Dec-2018 17:21:27.699 INFO [main] org.apache.catalina.startup.HostConfig.deployDirectory Deploying web application directory [/Users/vaibhavdu/custom visual/apache-tomcat-9.0.14/webapps/docs]
28-Dec-2018 17:21:28.697 INFO [main] org.apache.catalina.startup.HostConfig.deployDirectory Deployment of web application directory [/Users/vaibhavdu/custom visual/apache-tomcat-9.0.14/webapps/docs] has finished in [997] ms
28-Dec-2018 17:21:28.697 INFO [main] org.apache.catalina.startup.HostConfig.deployDirectory Deploying web application directory [/Users/vaibhavdu/custom visual/apache-tomcat-9.0.14/webapps/examples]
28-Dec-2018 17:21:29.133 INFO [main] org.apache.catalina.startup.HostConfig.deployDirectory Deployment of web application directory [/Users/vaibhavdu/custom visual/apache-tomcat-9.0.14/webapps/examples] has finished in [436] ms
28-Dec-2018 17:21:29.134 INFO [main] org.apache.catalina.startup.HostConfig.deployDirectory Deploying web application directory [/Users/vaibhavdu/custom visual/apache-tomcat-9.0.14/webapps/host-manager]
28-Dec-2018 17:21:29.217 INFO [main] org.apache.catalina.startup.HostConfig.deployDirectory Deployment of web application directory [/Users/vaibhavdu/custom visual/apache-tomcat-9.0.14/webapps/host-manager] has finished in [83] ms
28-Dec-2018 17:21:29.218 INFO [main] org.apache.catalina.startup.HostConfig.deployDirectory Deploying web application directory [/Users/vaibhavdu/custom visual/apache-tomcat-9.0.14/webapps/manager]
28-Dec-2018 17:21:29.255 INFO [main] org.apache.catalina.startup.HostConfig.deployDirectory Deployment of web application directory [/Users/vaibhavdu/custom visual/apache-tomcat-9.0.14/webapps/manager] has finished in [38] ms
28-Dec-2018 17:21:29.255 INFO [main] org.apache.catalina.startup.HostConfig.deployDirectory Deploying web application directory [/Users/vaibhavdu/custom visual/apache-tomcat-9.0.14/webapps/ROOT]
28-Dec-2018 17:21:29.277 INFO [main] org.apache.catalina.startup.HostConfig.deployDirectory Deployment of web application directory [/Users/vaibhavdu/custom visual/apache-tomcat-9.0.14/webapps/ROOT] has finished in [22] ms
28-Dec-2018 17:21:29.292 INFO [main] org.apache.coyote.AbstractProtocol.start Starting ProtocolHandler ["http-nio-8080"]
28-Dec-2018 17:21:29.298 INFO [main] org.apache.coyote.AbstractProtocol.start Starting ProtocolHandler ["ajp-nio-8009"]
28-Dec-2018 17:21:29.300 INFO [main] org.apache.catalina.startup.Catalina.start Server startup in [1,834] milliseconds
