/Users/vaibhavdu/custom visual/apache-tomcat-9.0.14/bin/catalina.sh: line 482: /usr/bin/java/bin/java: Not a directory
/Users/vaibhavdu/custom visual/apache-tomcat-9.0.14/bin/catalina.sh: line 482: /usr/bin/java/bin/java: Not a directory
28-Dec-2018 17:21:26.435 INFO [main] org.apache.catalina.startup.VersionLoggerListener.log Server version name:   Apache Tomcat/9.0.14
28-Dec-2018 17:21:26.479 INFO [main] org.apache.catalina.startup.VersionLoggerListener.log Server built:          Dec 6 2018 21:13:53 UTC
28-Dec-2018 17:21:26.479 INFO [main] org.apache.catalina.startup.VersionLoggerListener.log Server version number: 9.0.14.0
28-Dec-2018 17:21:26.479 INFO [main] org.apache.catalina.startup.VersionLoggerListener.log OS Name:               Mac OS X
28-Dec-2018 17:21:26.479 INFO [main] org.apache.catalina.startup.VersionLoggerListener.log OS Version:            10.12.6
28-Dec-2018 17:21:26.479 INFO [main] org.apache.catalina.startup.VersionLoggerListener.log Architecture:          x86_64
28-Dec-2018 17:21:26.479 INFO [main] org.apache.catalina.startup.VersionLoggerListener.log Java Home:             /Library/Java/JavaVirtualMachines/jdk1.8.0_152.jdk/Contents/Home/jre
28-Dec-2018 17:21:26.479 INFO [main] org.apache.catalina.startup.VersionLoggerListener.log JVM Version:           1.8.0_152-b16
28-Dec-2018 17:21:26.479 INFO [main] org.apache.catalina.startup.VersionLoggerListener.log JVM Vendor:            Oracle Corporation
28-Dec-2018 17:21:26.480 INFO [main] org.apache.catalina.startup.VersionLoggerListener.log CATALINA_BASE:         /Users/vaibhavdu/custom visual/apache-tomcat-9.0.14
28-Dec-2018 17:21:26.480 INFO [main] org.apache.catalina.startup.VersionLoggerListener.log CATALINA_HOME:         /Users/vaibhavdu/custom visual/apache-tomcat-9.0.14
28-Dec-2018 17:21:26.480 INFO [main] org.apache.catalina.startup.VersionLoggerListener.log Command line argument: -Djava.util.logging.config.file=/Users/vaibhavdu/custom visual/apache-tomcat-9.0.14/conf/logging.properties
28-Dec-2018 17:21:26.481 INFO [main] org.apache.catalina.startup.VersionLoggerListener.log Command line argument: -Djava.util.logging.manager=org.apache.juli.ClassLoaderLogManager
28-Dec-2018 17:21:26.481 INFO [main] org.apache.catalina.startup.VersionLoggerListener.log Command line argument: -Djdk.tls.ephemeralDHKeySize=2048
28-Dec-2018 17:21:26.481 INFO [main] org.apache.catalina.startup.VersionLoggerListener.log Command line argument: -Djava.protocol.handler.pkgs=org.apache.catalina.webresources
28-Dec-2018 17:21:26.481 INFO [main] org.apache.catalina.startup.VersionLoggerListener.log Command line argument: -Dorg.apache.catalina.security.SecurityListener.UMASK=0027
28-Dec-2018 17:21:26.481 INFO [main] org.apache.catalina.startup.VersionLoggerListener.log Command line argument: -Dignore.endorsed.dirs=
28-Dec-2018 17:21:26.481 INFO [main] org.apache.catalina.startup.VersionLoggerListener.log Command line argument: -Dcatalina.base=/Users/vaibhavdu/custom visual/apache-tomcat-9.0.14
28-Dec-2018 17:21:26.481 INFO [main] org.apache.catalina.startup.VersionLoggerListener.log Command line argument: -Dcatalina.home=/Users/vaibhavdu/custom visual/apache-tomcat-9.0.14
28-Dec-2018 17:21:26.481 INFO [main] org.apache.catalina.startup.VersionLoggerListener.log Command line argument: -Djava.io.tmpdir=/Users/vaibhavdu/custom visual/apache-tomcat-9.0.14/temp
28-Dec-2018 17:21:26.481 INFO [main] org.apache.catalina.core.AprLifecycleListener.lifecycleEvent The APR based Apache Tomcat Native library which allows optimal performance in production environments was not found on the java.library.path: [/Users/vaibhavdu/Library/Java/Extensions:/Library/Java/Extensions:/Network/Library/Java/Extensions:/System/Library/Java/Extensions:/usr/lib/java:.]
28-Dec-2018 17:21:27.337 INFO [main] org.apache.coyote.AbstractProtocol.init Initializing ProtocolHandler ["http-nio-8080"]
28-Dec-2018 17:21:27.462 INFO [main] org.apache.coyote.AbstractProtocol.init Initializing ProtocolHandler ["ajp-nio-8009"]
28-Dec-2018 17:21:27.465 INFO [main] org.apache.catalina.startup.Catalina.load Server initialization in [2,658] milliseconds
28-Dec-2018 17:21:27.670 INFO [main] org.apache.catalina.core.StandardService.startInternal Starting service [Catalina]
28-Dec-2018 17:21:27.670 INFO [main] org.apache.catalina.core.StandardEngine.startInternal Starting Servlet engine: [Apache Tomcat/9.0.14]
28-Dec-2018 17:21:27.699 INFO [main] org.apache.catalina.startup.HostConfig.deployDirectory Deploying web application directory [/Users/vaibhavdu/custom visual/apache-tomcat-9.0.14/webapps/docs]
28-Dec-2018 17:21:28.697 INFO [main] org.apache.catalina.startup.HostConfig.deployDirectory Deployment of web application directory [/Users/vaibhavdu/custom visual/apache-tomcat-9.0.14/webapps/docs] has finished in [997] ms
28-Dec-2018 17:21:28.697 INFO [main] org.apache.catalina.startup.HostConfig.deployDirectory Deploying web application directory [/Users/vaibhavdu/custom visual/apache-tomcat-9.0.14/webapps/examples]
28-Dec-2018 17:21:29.133 INFO [main] org.apache.catalina.startup.HostConfig.deployDirectory Deployment of web application directory [/Users/vaibhavdu/custom visual/apache-tomcat-9.0.14/webapps/examples] has finished in [436] ms
28-Dec-2018 17:21:29.134 INFO [main] org.apache.catalina.startup.HostConfig.deployDirectory Deploying web application directory [/Users/vaibhavdu/custom visual/apache-tomcat-9.0.14/webapps/host-manager]
28-Dec-2018 17:21:29.217 INFO [main] org.apache.catalina.startup.HostConfig.deployDirectory Deployment of web application directory [/Users/vaibhavdu/custom visual/apache-tomcat-9.0.14/webapps/host-manager] has finished in [83] ms
28-Dec-2018 17:21:29.218 INFO [main] org.apache.catalina.startup.HostConfig.deployDirectory Deploying web application directory [/Users/vaibhavdu/custom visual/apache-tomcat-9.0.14/webapps/manager]
28-Dec-2018 17:21:29.255 INFO [main] org.apache.catalina.startup.HostConfig.deployDirectory Deployment of web application directory [/Users/vaibhavdu/custom visual/apache-tomcat-9.0.14/webapps/manager] has finished in [38] ms
28-Dec-2018 17:21:29.255 INFO [main] org.apache.catalina.startup.HostConfig.deployDirectory Deploying web application directory [/Users/vaibhavdu/custom visual/apache-tomcat-9.0.14/webapps/ROOT]
28-Dec-2018 17:21:29.277 INFO [main] org.apache.catalina.startup.HostConfig.deployDirectory Deployment of web application directory [/Users/vaibhavdu/custom visual/apache-tomcat-9.0.14/webapps/ROOT] has finished in [22] ms
28-Dec-2018 17:21:29.292 INFO [main] org.apache.coyote.AbstractProtocol.start Starting ProtocolHandler ["http-nio-8080"]
28-Dec-2018 17:21:29.298 INFO [main] org.apache.coyote.AbstractProtocol.start Starting ProtocolHandler ["ajp-nio-8009"]
28-Dec-2018 17:21:29.300 INFO [main] org.apache.catalina.startup.Catalina.start Server startup in [1,834] milliseconds
02-Jan-2019 15:02:37.451 WARNING [Catalina-utility-1] org.apache.catalina.users.MemoryUserDatabase.backgroundProcess Failed to close [conf/tomcat-users.xml]
 java.io.FileNotFoundException: /Users/vaibhavdu/custom visual/apache-tomcat-9.0.14/conf/tomcat-users.xml (Too many open files in system)
	at java.io.FileInputStream.open0(Native Method)
	at java.io.FileInputStream.open(FileInputStream.java:195)
	at java.io.FileInputStream.<init>(FileInputStream.java:138)
	at java.io.FileInputStream.<init>(FileInputStream.java:93)
	at sun.net.www.protocol.file.FileURLConnection.connect(FileURLConnection.java:90)
	at sun.net.www.protocol.file.FileURLConnection.getInputStream(FileURLConnection.java:188)
	at org.apache.catalina.users.MemoryUserDatabase.backgroundProcess(MemoryUserDatabase.java:685)
	at org.apache.catalina.realm.UserDatabaseRealm.backgroundProcess(UserDatabaseRealm.java:141)
	at org.apache.catalina.realm.CombinedRealm.backgroundProcess(CombinedRealm.java:299)
	at org.apache.catalina.core.ContainerBase.backgroundProcess(ContainerBase.java:1135)
	at org.apache.catalina.core.ContainerBase$ContainerBackgroundProcessor.processChildren(ContainerBase.java:1351)
	at org.apache.catalina.core.ContainerBase$ContainerBackgroundProcessor.run(ContainerBase.java:1333)
	at java.util.concurrent.Executors$RunnableAdapter.call(Executors.java:511)
	at java.util.concurrent.FutureTask.runAndReset(FutureTask.java:308)
	at java.util.concurrent.ScheduledThreadPoolExecutor$ScheduledFutureTask.access$301(ScheduledThreadPoolExecutor.java:180)
	at java.util.concurrent.ScheduledThreadPoolExecutor$ScheduledFutureTask.run(ScheduledThreadPoolExecutor.java:294)
	at java.util.concurrent.ThreadPoolExecutor.runWorker(ThreadPoolExecutor.java:1149)
	at java.util.concurrent.ThreadPoolExecutor$Worker.run(ThreadPoolExecutor.java:624)
	at org.apache.tomcat.util.threads.TaskThread$WrappingRunnable.run(TaskThread.java:61)
	at java.lang.Thread.run(Thread.java:748)

java.util.logging.ErrorManager: 0: Unable to delete log files older than [90] days
02-Jan-2019 15:07:57.669 WARNING [Catalina-utility-1] org.apache.catalina.users.MemoryUserDatabase.backgroundProcess Failed to close [conf/tomcat-users.xml]
 java.io.FileNotFoundException: /Users/vaibhavdu/custom visual/apache-tomcat-9.0.14/conf/tomcat-users.xml (Too many open files in system)
	at java.io.FileInputStream.open0(Native Method)
	at java.io.FileInputStream.open(FileInputStream.java:195)
	at java.io.FileInputStream.<init>(FileInputStream.java:138)
	at java.io.FileInputStream.<init>(FileInputStream.java:93)
	at sun.net.www.protocol.file.FileURLConnection.connect(FileURLConnection.java:90)
	at sun.net.www.protocol.file.FileURLConnection.getInputStream(FileURLConnection.java:188)
	at org.apache.catalina.users.MemoryUserDatabase.backgroundProcess(MemoryUserDatabase.java:685)
	at org.apache.catalina.realm.UserDatabaseRealm.backgroundProcess(UserDatabaseRealm.java:141)
	at org.apache.catalina.realm.CombinedRealm.backgroundProcess(CombinedRealm.java:299)
	at org.apache.catalina.core.ContainerBase.backgroundProcess(ContainerBase.java:1135)
	at org.apache.catalina.core.ContainerBase$ContainerBackgroundProcessor.processChildren(ContainerBase.java:1351)
	at org.apache.catalina.core.ContainerBase$ContainerBackgroundProcessor.run(ContainerBase.java:1333)
	at java.util.concurrent.Executors$RunnableAdapter.call(Executors.java:511)
	at java.util.concurrent.FutureTask.runAndReset(FutureTask.java:308)
	at java.util.concurrent.ScheduledThreadPoolExecutor$ScheduledFutureTask.access$301(ScheduledThreadPoolExecutor.java:180)
	at java.util.concurrent.ScheduledThreadPoolExecutor$ScheduledFutureTask.run(ScheduledThreadPoolExecutor.java:294)
	at java.util.concurrent.ThreadPoolExecutor.runWorker(ThreadPoolExecutor.java:1149)
	at java.util.concurrent.ThreadPoolExecutor$Worker.run(ThreadPoolExecutor.java:624)
	at org.apache.tomcat.util.threads.TaskThread$WrappingRunnable.run(TaskThread.java:61)
	at java.lang.Thread.run(Thread.java:748)

02-Jan-2019 15:08:07.693 WARNING [Catalina-utility-1] org.apache.catalina.users.MemoryUserDatabase.backgroundProcess Failed to close [conf/tomcat-users.xml]
 java.io.FileNotFoundException: /Users/vaibhavdu/custom visual/apache-tomcat-9.0.14/conf/tomcat-users.xml (Too many open files in system)
	at java.io.FileInputStream.open0(Native Method)
	at java.io.FileInputStream.open(FileInputStream.java:195)
	at java.io.FileInputStream.<init>(FileInputStream.java:138)
	at java.io.FileInputStream.<init>(FileInputStream.java:93)
	at sun.net.www.protocol.file.FileURLConnection.connect(FileURLConnection.java:90)
	at sun.net.www.protocol.file.FileURLConnection.getInputStream(FileURLConnection.java:188)
	at org.apache.catalina.users.MemoryUserDatabase.backgroundProcess(MemoryUserDatabase.java:685)
	at org.apache.catalina.realm.UserDatabaseRealm.backgroundProcess(UserDatabaseRealm.java:141)
	at org.apache.catalina.realm.CombinedRealm.backgroundProcess(CombinedRealm.java:299)
	at org.apache.catalina.core.ContainerBase.backgroundProcess(ContainerBase.java:1135)
	at org.apache.catalina.core.ContainerBase$ContainerBackgroundProcessor.processChildren(ContainerBase.java:1351)
	at org.apache.catalina.core.ContainerBase$ContainerBackgroundProcessor.run(ContainerBase.java:1333)
	at java.util.concurrent.Executors$RunnableAdapter.call(Executors.java:511)
	at java.util.concurrent.FutureTask.runAndReset(FutureTask.java:308)
	at java.util.concurrent.ScheduledThreadPoolExecutor$ScheduledFutureTask.access$301(ScheduledThreadPoolExecutor.java:180)
	at java.util.concurrent.ScheduledThreadPoolExecutor$ScheduledFutureTask.run(ScheduledThreadPoolExecutor.java:294)
	at java.util.concurrent.ThreadPoolExecutor.runWorker(ThreadPoolExecutor.java:1149)
	at java.util.concurrent.ThreadPoolExecutor$Worker.run(ThreadPoolExecutor.java:624)
	at org.apache.tomcat.util.threads.TaskThread$WrappingRunnable.run(TaskThread.java:61)
	at java.lang.Thread.run(Thread.java:748)

02-Jan-2019 15:17:17.792 INFO [Thread-5] org.apache.coyote.AbstractProtocol.pause Pausing ProtocolHandler ["http-nio-8080"]
02-Jan-2019 15:17:17.934 INFO [Thread-5] org.apache.coyote.AbstractProtocol.pause Pausing ProtocolHandler ["ajp-nio-8009"]
02-Jan-2019 15:17:17.941 INFO [Thread-5] org.apache.catalina.core.StandardService.stopInternal Stopping service [Catalina]
02-Jan-2019 15:17:18.046 INFO [Thread-5] org.apache.coyote.AbstractProtocol.stop Stopping ProtocolHandler ["http-nio-8080"]
02-Jan-2019 15:17:18.050 INFO [Thread-5] org.apache.coyote.AbstractProtocol.stop Stopping ProtocolHandler ["ajp-nio-8009"]
02-Jan-2019 15:17:18.055 INFO [Thread-5] org.apache.coyote.AbstractProtocol.destroy Destroying ProtocolHandler ["http-nio-8080"]
02-Jan-2019 15:17:18.056 INFO [Thread-5] org.apache.coyote.AbstractProtocol.destroy Destroying ProtocolHandler ["ajp-nio-8009"]
